2024-11-19 11:47:34 
2024-11-19 11:47:34 Welcome to the Bitnami wildfly container
2024-11-19 11:47:34 Subscribe to project updates by watching https://github.com/bitnami/bitnami-docker-wildfly
2024-11-19 11:47:34 Submit issues and feature requests at https://github.com/bitnami/bitnami-docker-wildfly/issues
2024-11-19 11:47:34 
2024-11-19 11:47:47 nami    INFO  Initializing wildfly
2024-11-19 11:47:51 wildfly INFO 
2024-11-19 11:47:51 wildfly INFO  ########################################################################
2024-11-19 11:47:51 wildfly INFO   Installation parameters for wildfly:
2024-11-19 11:47:51 wildfly INFO     Username: admin
2024-11-19 11:47:51 wildfly INFO     Password: **********
2024-11-19 11:47:51 wildfly INFO   (Passwords are not shown for security reasons)
2024-11-19 11:47:51 wildfly INFO  ########################################################################
2024-11-19 11:47:51 wildfly INFO 
2024-11-19 11:47:51 nami    INFO  wildfly successfully initialized
2024-11-19 11:47:51 INFO  ==> Starting wildfly... 
2024-11-19 11:47:59 
2024-11-19 11:47:59   JBOSS_HOME: /opt/bitnami/wildfly
2024-11-19 11:47:59 
2024-11-19 11:47:59   JAVA: /opt/bitnami/java/bin/java
2024-11-19 11:47:59 
2024-11-19 11:47:59   JAVA_OPTS:  -server -agentlib:jdwp=transport=dt_socket,address=8787,server=y,suspend=n -Djava.net.preferIPv4Stack=true 
2024-11-19 11:47:59 
2024-11-19 11:47:59 =========================================================================
2024-11-19 11:47:59 
2024-11-19 11:47:59 Listening for transport dt_socket at address: 8787
2024-11-19 11:48:00 10:48:00,052 INFO  [org.jboss.modules] (main) JBoss Modules version 1.5.2.Final
2024-11-19 11:48:00 10:48:00,924 INFO  [org.jboss.msc] (main) JBoss MSC version 1.2.6.Final
2024-11-19 11:48:01 10:48:01,283 INFO  [org.jboss.as] (MSC service thread 1-8) WFLYSRV0049: WildFly Full 10.1.0.Final (WildFly Core 2.2.0.Final) starting
2024-11-19 11:48:07 10:48:07,778 INFO  [org.jboss.as.server] (Controller Boot Thread) WFLYSRV0039: Creating http management service using socket-binding (management-http)
2024-11-19 11:48:07 10:48:07,924 INFO  [org.xnio] (MSC service thread 1-6) XNIO version 3.4.0.Final
2024-11-19 11:48:08 10:48:08,019 INFO  [org.xnio.nio] (MSC service thread 1-6) XNIO NIO Implementation Version 3.4.0.Final
2024-11-19 11:48:08 10:48:08,593 WARN  [org.jboss.as.txn] (ServerService Thread Pool -- 54) WFLYTX0013: Node identifier property is set to the default value. Please make sure it is unique.
2024-11-19 11:48:08 10:48:08,590 INFO  [org.jboss.as.clustering.infinispan] (ServerService Thread Pool -- 38) WFLYCLINF0001: Activating Infinispan subsystem.
2024-11-19 11:48:08 10:48:08,605 INFO  [org.jboss.as.naming] (ServerService Thread Pool -- 46) WFLYNAM0001: Activating Naming Subsystem
2024-11-19 11:48:08 10:48:08,819 INFO  [org.jboss.as.security] (ServerService Thread Pool -- 53) WFLYSEC0002: Activating Security Subsystem
2024-11-19 11:48:08 10:48:08,820 INFO  [org.jboss.as.webservices] (ServerService Thread Pool -- 56) WFLYWS0002: Activating WebServices Extension
2024-11-19 11:48:09 10:48:08,844 INFO  [org.jboss.as.jsf] (ServerService Thread Pool -- 44) WFLYJSF0007: Activated the following JSF Implementations: [main]
2024-11-19 11:48:09 10:48:09,080 INFO  [org.jboss.as.security] (MSC service thread 1-6) WFLYSEC0001: Current PicketBox version=4.9.6.Final
2024-11-19 11:48:10 10:48:09,948 INFO  [org.jboss.as.connector] (MSC service thread 1-5) WFLYJCA0009: Starting JCA Subsystem (WildFly/IronJacamar 1.3.4.Final)
2024-11-19 11:48:10 10:48:10,383 INFO  [org.wildfly.extension.io] (ServerService Thread Pool -- 37) WFLYIO001: Worker 'default' has auto-configured to 8 core threads with 64 task threads based on your 4 available processors
2024-11-19 11:48:10 10:48:10,520 INFO  [org.jboss.remoting] (MSC service thread 1-2) JBoss Remoting version 4.0.21.Final
2024-11-19 11:48:10 10:48:10,694 INFO  [org.jboss.as.naming] (MSC service thread 1-5) WFLYNAM0003: Starting Naming Service
2024-11-19 11:48:10 10:48:10,729 INFO  [org.jboss.as.mail.extension] (MSC service thread 1-4) WFLYMAIL0001: Bound mail session [java:jboss/mail/Default]
2024-11-19 11:48:10 10:48:10,869 INFO  [org.wildfly.extension.undertow] (MSC service thread 1-5) WFLYUT0003: Undertow 1.4.0.Final starting
2024-11-19 11:48:11 10:48:11,003 INFO  [org.jboss.as.connector.subsystems.datasources] (ServerService Thread Pool -- 33) WFLYJCA0004: Deploying JDBC-compliant driver class org.h2.Driver (version 1.3)
2024-11-19 11:48:11 10:48:11,085 INFO  [org.jboss.as.connector.deployers.jdbc] (MSC service thread 1-2) WFLYJCA0018: Started Driver service with driver-name = h2
2024-11-19 11:48:11 10:48:11,780 INFO  [org.jboss.as.ejb3] (MSC service thread 1-5) WFLYEJB0481: Strict pool slsb-strict-max-pool is using a max instance size of 64 (per class), which is derived from thread worker pool sizing.
2024-11-19 11:48:11 10:48:11,790 INFO  [org.jboss.as.ejb3] (MSC service thread 1-1) WFLYEJB0482: Strict pool mdb-strict-max-pool is using a max instance size of 16 (per class), which is derived from the number of CPUs on this host.
2024-11-19 11:48:11 10:48:11,808 INFO  [org.wildfly.extension.undertow] (ServerService Thread Pool -- 55) WFLYUT0014: Creating file handler for path '/opt/bitnami/wildfly/welcome-content' with options [directory-listing: 'false', follow-symlink: 'false', case-sensitive: 'true', safe-symlink-paths: '[]']
2024-11-19 11:48:11 10:48:11,854 INFO  [org.wildfly.extension.undertow] (MSC service thread 1-6) WFLYUT0012: Started server default-server.
2024-11-19 11:48:11 10:48:11,868 INFO  [org.wildfly.extension.undertow] (MSC service thread 1-1) WFLYUT0018: Host default-host starting
2024-11-19 11:48:12 10:48:12,405 INFO  [org.wildfly.extension.undertow] (MSC service thread 1-7) WFLYUT0006: Undertow HTTP listener default listening on 0.0.0.0:8080
2024-11-19 11:48:13 10:48:13,038 INFO  [org.jboss.as.connector.subsystems.datasources] (MSC service thread 1-5) WFLYJCA0001: Bound data source [java:jboss/datasources/ExampleDS]
2024-11-19 11:48:13 10:48:13,899 WARN  [org.jboss.as.domain.management.security] (MSC service thread 1-7) WFLYDM0111: Keystore /opt/bitnami/wildfly/standalone/configuration/application.keystore not found, it will be auto generated on first use with a self signed certificate for host localhost
2024-11-19 11:48:14 10:48:14,147 INFO  [org.jboss.as.server.deployment.scanner] (MSC service thread 1-6) WFLYDS0013: Started FileSystemDeploymentService for directory /opt/bitnami/wildfly/standalone/deployments
2024-11-19 11:48:15 10:48:15,269 INFO  [org.infinispan.factories.GlobalComponentRegistry] (MSC service thread 1-1) ISPN000128: Infinispan version: Infinispan 'Chakra' 8.2.4.Final
2024-11-19 11:48:15 10:48:15,572 INFO  [org.infinispan.configuration.cache.EvictionConfigurationBuilder] (ServerService Thread Pool -- 64) ISPN000152: Passivation configured without an eviction policy being selected. Only manually evicted entities will be passivated.
2024-11-19 11:48:15 10:48:15,584 INFO  [org.infinispan.configuration.cache.EvictionConfigurationBuilder] (ServerService Thread Pool -- 62) ISPN000152: Passivation configured without an eviction policy being selected. Only manually evicted entities will be passivated.
2024-11-19 11:48:15 10:48:15,588 INFO  [org.infinispan.configuration.cache.EvictionConfigurationBuilder] (ServerService Thread Pool -- 64) ISPN000152: Passivation configured without an eviction policy being selected. Only manually evicted entities will be passivated.
2024-11-19 11:48:15 10:48:15,589 INFO  [org.infinispan.configuration.cache.EvictionConfigurationBuilder] (ServerService Thread Pool -- 62) ISPN000152: Passivation configured without an eviction policy being selected. Only manually evicted entities will be passivated.
2024-11-19 11:48:15 10:48:15,592 INFO  [org.infinispan.configuration.cache.EvictionConfigurationBuilder] (ServerService Thread Pool -- 60) ISPN000152: Passivation configured without an eviction policy being selected. Only manually evicted entities will be passivated.
2024-11-19 11:48:15 10:48:15,595 INFO  [org.infinispan.configuration.cache.EvictionConfigurationBuilder] (ServerService Thread Pool -- 60) ISPN000152: Passivation configured without an eviction policy being selected. Only manually evicted entities will be passivated.
2024-11-19 11:48:16 10:48:16,227 INFO  [org.wildfly.extension.undertow] (MSC service thread 1-2) WFLYUT0006: Undertow HTTPS listener https listening on 0.0.0.0:8443
2024-11-19 11:48:16 10:48:16,782 INFO  [org.jboss.ws.common.management] (MSC service thread 1-3) JBWS022052: Starting JBossWS 5.1.5.Final (Apache CXF 3.1.6) 
2024-11-19 11:48:17 10:48:17,409 INFO  [org.jboss.as] (Controller Boot Thread) WFLYSRV0060: Http management interface listening on http://0.0.0.0:9990/management
2024-11-19 11:48:17 10:48:17,416 INFO  [org.jboss.as] (Controller Boot Thread) WFLYSRV0051: Admin console listening on http://0.0.0.0:9990
2024-11-19 11:48:17 10:48:17,417 INFO  [org.jboss.as] (Controller Boot Thread) WFLYSRV0025: WildFly Full 10.1.0.Final (WildFly Core 2.2.0.Final) started in 18947ms - Started 331 of 577 services (393 services are lazy, passive or on-demand)
2024-11-19 11:51:01 10:51:01,449 INFO  [org.jboss.as.repository] (External Management Request Threads -- 5) WFLYDR0001: Content added at location /opt/bitnami/wildfly/standalone/data/content/e3/e59541f7e92c85c1b9364fac32e467a4b3b543/content
2024-11-19 11:51:01 10:51:01,581 INFO  [org.jboss.as.server.deployment] (MSC service thread 1-4) WFLYSRV0027: Starting deployment of "service.war" (runtime-name: "service.war")
2024-11-19 11:51:02 10:51:02,330 WARN  [org.jboss.as.server.deployment] (MSC service thread 1-3) WFLYSRV0003: Could not index class META-INF/versions/9/module-info.class at /content/service.war/WEB-INF/lib/jackson-datatype-jsr310-2.13.5.jar: java.lang.IllegalStateException: Unknown tag! pos=3 poolCount = 28
2024-11-19 11:51:02 at org.jboss.jandex.Indexer.processConstantPool(Indexer.java:1416)
2024-11-19 11:51:02 at org.jboss.jandex.Indexer.index(Indexer.java:1450)
2024-11-19 11:51:02 at org.jboss.as.server.deployment.annotation.ResourceRootIndexer.indexResourceRoot(ResourceRootIndexer.java:99)
2024-11-19 11:51:02 at org.jboss.as.server.deployment.annotation.AnnotationIndexProcessor.deploy(AnnotationIndexProcessor.java:51)
2024-11-19 11:51:02 at org.jboss.as.server.deployment.DeploymentUnitPhaseService.start(DeploymentUnitPhaseService.java:147)
2024-11-19 11:51:02 at org.jboss.msc.service.ServiceControllerImpl$StartTask.startService(ServiceControllerImpl.java:1948)
2024-11-19 11:51:02 at org.jboss.msc.service.ServiceControllerImpl$StartTask.run(ServiceControllerImpl.java:1881)
2024-11-19 11:51:02 at java.util.concurrent.ThreadPoolExecutor.runWorker(ThreadPoolExecutor.java:1149)
2024-11-19 11:51:02 at java.util.concurrent.ThreadPoolExecutor$Worker.run(ThreadPoolExecutor.java:624)
2024-11-19 11:51:02 at java.lang.Thread.run(Thread.java:748)
2024-11-19 11:51:02 
2024-11-19 11:51:03 10:51:03,808 WARN  [org.jboss.as.server.deployment] (MSC service thread 1-3) WFLYSRV0003: Could not index class META-INF/versions/9/module-info.class at /content/service.war/WEB-INF/lib/jackson-datatype-jdk8-2.13.5.jar: java.lang.IllegalStateException: Unknown tag! pos=3 poolCount = 18
2024-11-19 11:51:03 at org.jboss.jandex.Indexer.processConstantPool(Indexer.java:1416)
2024-11-19 11:51:03 at org.jboss.jandex.Indexer.index(Indexer.java:1450)
2024-11-19 11:51:03 at org.jboss.as.server.deployment.annotation.ResourceRootIndexer.indexResourceRoot(ResourceRootIndexer.java:99)
2024-11-19 11:51:03 at org.jboss.as.server.deployment.annotation.AnnotationIndexProcessor.deploy(AnnotationIndexProcessor.java:51)
2024-11-19 11:51:03 at org.jboss.as.server.deployment.DeploymentUnitPhaseService.start(DeploymentUnitPhaseService.java:147)
2024-11-19 11:51:03 at org.jboss.msc.service.ServiceControllerImpl$StartTask.startService(ServiceControllerImpl.java:1948)
2024-11-19 11:51:03 at org.jboss.msc.service.ServiceControllerImpl$StartTask.run(ServiceControllerImpl.java:1881)
2024-11-19 11:51:03 at java.util.concurrent.ThreadPoolExecutor.runWorker(ThreadPoolExecutor.java:1149)
2024-11-19 11:51:03 at java.util.concurrent.ThreadPoolExecutor$Worker.run(ThreadPoolExecutor.java:624)
2024-11-19 11:51:03 at java.lang.Thread.run(Thread.java:748)
2024-11-19 11:51:03 
2024-11-19 11:51:05 10:51:05,472 WARN  [org.jboss.as.server.deployment] (MSC service thread 1-3) WFLYSRV0003: Could not index class module-info.class at /content/service.war/WEB-INF/lib/jackson-annotations-2.13.5.jar: java.lang.IllegalStateException: Unknown tag! pos=3 poolCount = 10
2024-11-19 11:51:05 at org.jboss.jandex.Indexer.processConstantPool(Indexer.java:1416)
2024-11-19 11:51:05 at org.jboss.jandex.Indexer.index(Indexer.java:1450)
2024-11-19 11:51:05 at org.jboss.as.server.deployment.annotation.ResourceRootIndexer.indexResourceRoot(ResourceRootIndexer.java:99)
2024-11-19 11:51:05 at org.jboss.as.server.deployment.annotation.AnnotationIndexProcessor.deploy(AnnotationIndexProcessor.java:51)
2024-11-19 11:51:05 at org.jboss.as.server.deployment.DeploymentUnitPhaseService.start(DeploymentUnitPhaseService.java:147)
2024-11-19 11:51:05 at org.jboss.msc.service.ServiceControllerImpl$StartTask.startService(ServiceControllerImpl.java:1948)
2024-11-19 11:51:05 at org.jboss.msc.service.ServiceControllerImpl$StartTask.run(ServiceControllerImpl.java:1881)
2024-11-19 11:51:05 at java.util.concurrent.ThreadPoolExecutor.runWorker(ThreadPoolExecutor.java:1149)
2024-11-19 11:51:05 at java.util.concurrent.ThreadPoolExecutor$Worker.run(ThreadPoolExecutor.java:624)
2024-11-19 11:51:05 at java.lang.Thread.run(Thread.java:748)
2024-11-19 11:51:05 
2024-11-19 11:51:05 10:51:05,577 WARN  [org.jboss.as.server.deployment] (MSC service thread 1-3) WFLYSRV0003: Could not index class module-info.class at /content/service.war/WEB-INF/lib/apiguardian-api-1.1.2.jar: java.lang.IllegalStateException: Unknown tag! pos=4 poolCount = 12
2024-11-19 11:51:05 at org.jboss.jandex.Indexer.processConstantPool(Indexer.java:1416)
2024-11-19 11:51:05 at org.jboss.jandex.Indexer.index(Indexer.java:1450)
2024-11-19 11:51:05 at org.jboss.as.server.deployment.annotation.ResourceRootIndexer.indexResourceRoot(ResourceRootIndexer.java:99)
2024-11-19 11:51:05 at org.jboss.as.server.deployment.annotation.AnnotationIndexProcessor.deploy(AnnotationIndexProcessor.java:51)
2024-11-19 11:51:05 at org.jboss.as.server.deployment.DeploymentUnitPhaseService.start(DeploymentUnitPhaseService.java:147)
2024-11-19 11:51:05 at org.jboss.msc.service.ServiceControllerImpl$StartTask.startService(ServiceControllerImpl.java:1948)
2024-11-19 11:51:05 at org.jboss.msc.service.ServiceControllerImpl$StartTask.run(ServiceControllerImpl.java:1881)
2024-11-19 11:51:05 at java.util.concurrent.ThreadPoolExecutor.runWorker(ThreadPoolExecutor.java:1149)
2024-11-19 11:51:05 at java.util.concurrent.ThreadPoolExecutor$Worker.run(ThreadPoolExecutor.java:624)
2024-11-19 11:51:05 at java.lang.Thread.run(Thread.java:748)
2024-11-19 11:51:05 
2024-11-19 11:51:05 10:51:05,588 WARN  [org.jboss.as.server.deployment] (MSC service thread 1-3) WFLYSRV0003: Could not index class META-INF/versions/9/module-info.class at /content/service.war/WEB-INF/lib/jackson-core-2.13.5.jar: java.lang.IllegalStateException: Unknown tag! pos=3 poolCount = 34
2024-11-19 11:51:05 at org.jboss.jandex.Indexer.processConstantPool(Indexer.java:1416)
2024-11-19 11:51:05 at org.jboss.jandex.Indexer.index(Indexer.java:1450)
2024-11-19 11:51:05 at org.jboss.as.server.deployment.annotation.ResourceRootIndexer.indexResourceRoot(ResourceRootIndexer.java:99)
2024-11-19 11:51:05 at org.jboss.as.server.deployment.annotation.AnnotationIndexProcessor.deploy(AnnotationIndexProcessor.java:51)
2024-11-19 11:51:05 at org.jboss.as.server.deployment.DeploymentUnitPhaseService.start(DeploymentUnitPhaseService.java:147)
2024-11-19 11:51:05 at org.jboss.msc.service.ServiceControllerImpl$StartTask.startService(ServiceControllerImpl.java:1948)
2024-11-19 11:51:05 at org.jboss.msc.service.ServiceControllerImpl$StartTask.run(ServiceControllerImpl.java:1881)
2024-11-19 11:51:05 at java.util.concurrent.ThreadPoolExecutor.runWorker(ThreadPoolExecutor.java:1149)
2024-11-19 11:51:05 at java.util.concurrent.ThreadPoolExecutor$Worker.run(ThreadPoolExecutor.java:624)
2024-11-19 11:51:05 at java.lang.Thread.run(Thread.java:748)
2024-11-19 11:51:05 
2024-11-19 11:51:06 10:51:06,122 WARN  [org.jboss.as.server.deployment] (MSC service thread 1-3) WFLYSRV0003: Could not index class module-info.class at /content/service.war/WEB-INF/lib/asm-9.3.jar: java.lang.IllegalStateException: Unknown tag! pos=3 poolCount = 12
2024-11-19 11:51:06 at org.jboss.jandex.Indexer.processConstantPool(Indexer.java:1416)
2024-11-19 11:51:06 at org.jboss.jandex.Indexer.index(Indexer.java:1450)
2024-11-19 11:51:06 at org.jboss.as.server.deployment.annotation.ResourceRootIndexer.indexResourceRoot(ResourceRootIndexer.java:99)
2024-11-19 11:51:06 at org.jboss.as.server.deployment.annotation.AnnotationIndexProcessor.deploy(AnnotationIndexProcessor.java:51)
2024-11-19 11:51:06 at org.jboss.as.server.deployment.DeploymentUnitPhaseService.start(DeploymentUnitPhaseService.java:147)
2024-11-19 11:51:06 at org.jboss.msc.service.ServiceControllerImpl$StartTask.startService(ServiceControllerImpl.java:1948)
2024-11-19 11:51:06 at org.jboss.msc.service.ServiceControllerImpl$StartTask.run(ServiceControllerImpl.java:1881)
2024-11-19 11:51:06 at java.util.concurrent.ThreadPoolExecutor.runWorker(ThreadPoolExecutor.java:1149)
2024-11-19 11:51:06 at java.util.concurrent.ThreadPoolExecutor$Worker.run(ThreadPoolExecutor.java:624)
2024-11-19 11:51:06 at java.lang.Thread.run(Thread.java:748)
2024-11-19 11:51:06 
2024-11-19 11:51:06 10:51:06,268 WARN  [org.jboss.as.server.deployment] (MSC service thread 1-3) WFLYSRV0003: Could not index class META-INF/versions/9/module-info.class at /content/service.war/WEB-INF/lib/log4j-api-2.17.2.jar: java.lang.IllegalStateException: Unknown tag! pos=4 poolCount = 33
2024-11-19 11:51:06 at org.jboss.jandex.Indexer.processConstantPool(Indexer.java:1416)
2024-11-19 11:51:06 at org.jboss.jandex.Indexer.index(Indexer.java:1450)
2024-11-19 11:51:06 at org.jboss.as.server.deployment.annotation.ResourceRootIndexer.indexResourceRoot(ResourceRootIndexer.java:99)
2024-11-19 11:51:06 at org.jboss.as.server.deployment.annotation.AnnotationIndexProcessor.deploy(AnnotationIndexProcessor.java:51)
2024-11-19 11:51:06 at org.jboss.as.server.deployment.DeploymentUnitPhaseService.start(DeploymentUnitPhaseService.java:147)
2024-11-19 11:51:06 at org.jboss.msc.service.ServiceControllerImpl$StartTask.startService(ServiceControllerImpl.java:1948)
2024-11-19 11:51:06 at org.jboss.msc.service.ServiceControllerImpl$StartTask.run(ServiceControllerImpl.java:1881)
2024-11-19 11:51:06 at java.util.concurrent.ThreadPoolExecutor.runWorker(ThreadPoolExecutor.java:1149)
2024-11-19 11:51:06 at java.util.concurrent.ThreadPoolExecutor$Worker.run(ThreadPoolExecutor.java:624)
2024-11-19 11:51:06 at java.lang.Thread.run(Thread.java:748)
2024-11-19 11:51:06 
2024-11-19 11:51:07 10:51:07,116 WARN  [org.jboss.as.server.deployment] (MSC service thread 1-3) WFLYSRV0003: Could not index class META-INF/versions/9/module-info.class at /content/service.war/WEB-INF/lib/jackson-module-parameter-names-2.13.5.jar: java.lang.IllegalStateException: Unknown tag! pos=3 poolCount = 20
2024-11-19 11:51:07 at org.jboss.jandex.Indexer.processConstantPool(Indexer.java:1416)
2024-11-19 11:51:07 at org.jboss.jandex.Indexer.index(Indexer.java:1450)
2024-11-19 11:51:07 at org.jboss.as.server.deployment.annotation.ResourceRootIndexer.indexResourceRoot(ResourceRootIndexer.java:99)
2024-11-19 11:51:07 at org.jboss.as.server.deployment.annotation.AnnotationIndexProcessor.deploy(AnnotationIndexProcessor.java:51)
2024-11-19 11:51:07 at org.jboss.as.server.deployment.DeploymentUnitPhaseService.start(DeploymentUnitPhaseService.java:147)
2024-11-19 11:51:07 at org.jboss.msc.service.ServiceControllerImpl$StartTask.startService(ServiceControllerImpl.java:1948)
2024-11-19 11:51:07 at org.jboss.msc.service.ServiceControllerImpl$StartTask.run(ServiceControllerImpl.java:1881)
2024-11-19 11:51:07 at java.util.concurrent.ThreadPoolExecutor.runWorker(ThreadPoolExecutor.java:1149)
2024-11-19 11:51:07 at java.util.concurrent.ThreadPoolExecutor$Worker.run(ThreadPoolExecutor.java:624)
2024-11-19 11:51:07 at java.lang.Thread.run(Thread.java:748)
2024-11-19 11:51:07 
2024-11-19 11:51:07 10:51:07,241 WARN  [org.jboss.as.server.deployment] (MSC service thread 1-3) WFLYSRV0003: Could not index class META-INF/versions/9/module-info.class at /content/service.war/WEB-INF/lib/jackson-databind-2.13.5.jar: java.lang.IllegalStateException: Unknown tag! pos=3 poolCount = 66
2024-11-19 11:51:07 at org.jboss.jandex.Indexer.processConstantPool(Indexer.java:1416)
2024-11-19 11:51:07 at org.jboss.jandex.Indexer.index(Indexer.java:1450)
2024-11-19 11:51:07 at org.jboss.as.server.deployment.annotation.ResourceRootIndexer.indexResourceRoot(ResourceRootIndexer.java:99)
2024-11-19 11:51:07 at org.jboss.as.server.deployment.annotation.AnnotationIndexProcessor.deploy(AnnotationIndexProcessor.java:51)
2024-11-19 11:51:07 at org.jboss.as.server.deployment.DeploymentUnitPhaseService.start(DeploymentUnitPhaseService.java:147)
2024-11-19 11:51:07 at org.jboss.msc.service.ServiceControllerImpl$StartTask.startService(ServiceControllerImpl.java:1948)
2024-11-19 11:51:07 at org.jboss.msc.service.ServiceControllerImpl$StartTask.run(ServiceControllerImpl.java:1881)
2024-11-19 11:51:07 at java.util.concurrent.ThreadPoolExecutor.runWorker(ThreadPoolExecutor.java:1149)
2024-11-19 11:51:07 at java.util.concurrent.ThreadPoolExecutor$Worker.run(ThreadPoolExecutor.java:624)
2024-11-19 11:51:07 at java.lang.Thread.run(Thread.java:748)
2024-11-19 11:51:07 
2024-11-19 11:51:09 10:51:09,418 WARN  [org.jboss.as.ee] (MSC service thread 1-1) WFLYEE0007: Not installing optional component org.springframework.http.server.reactive.ServletServerHttpResponse$ResponseAsyncListener due to an exception (enable DEBUG log level to see the cause)
2024-11-19 11:51:09 10:51:09,438 WARN  [org.jboss.as.ee] (MSC service thread 1-1) WFLYEE0007: Not installing optional component org.springframework.http.server.ServletServerHttpAsyncRequestControl due to an exception (enable DEBUG log level to see the cause)
2024-11-19 11:51:09 10:51:09,445 WARN  [org.jboss.as.ee] (MSC service thread 1-1) WFLYEE0007: Not installing optional component org.zalando.logbook.servlet.LogbookAsyncListener due to an exception (enable DEBUG log level to see the cause)
2024-11-19 11:51:09 10:51:09,449 WARN  [org.jboss.as.ee] (MSC service thread 1-1) WFLYEE0007: Not installing optional component org.springframework.web.context.request.async.StandardServletAsyncWebRequest due to an exception (enable DEBUG log level to see the cause)
2024-11-19 11:51:09 10:51:09,458 WARN  [org.jboss.as.ee] (MSC service thread 1-1) WFLYEE0007: Not installing optional component org.springframework.http.server.reactive.ServletHttpHandlerAdapter$HttpHandlerAsyncListener due to an exception (enable DEBUG log level to see the cause)
2024-11-19 11:51:09 10:51:09,482 WARN  [org.jboss.as.ee] (MSC service thread 1-1) WFLYEE0007: Not installing optional component org.springframework.http.server.reactive.ServletServerHttpRequest$RequestAsyncListener due to an exception (enable DEBUG log level to see the cause)
2024-11-19 11:51:10 10:51:10,418 INFO  [io.undertow.servlet] (ServerService Thread Pool -- 73) 2 Spring WebApplicationInitializers detected on classpath
2024-11-19 11:51:12 10:51:12,724 INFO  [stdout] (ServerService Thread Pool -- 73) 
2024-11-19 11:51:12 10:51:12,728 INFO  [stdout] (ServerService Thread Pool -- 73)   .   ____          _            __ _ _
2024-11-19 11:51:12 10:51:12,729 INFO  [stdout] (ServerService Thread Pool -- 73)  /\\ / ___'_ __ _ _(_)_ __  __ _ \ \ \ \
2024-11-19 11:51:12 10:51:12,730 INFO  [stdout] (ServerService Thread Pool -- 73) ( ( )\___ | '_ | '_| | '_ \/ _` | \ \ \ \
2024-11-19 11:51:12 10:51:12,730 INFO  [stdout] (ServerService Thread Pool -- 73)  \\/  ___)| |_)| | | | | || (_| |  ) ) ) )
2024-11-19 11:51:12 10:51:12,731 INFO  [stdout] (ServerService Thread Pool -- 73)   '  |____| .__|_| |_|_| |_\__, | / / / /
2024-11-19 11:51:12 10:51:12,731 INFO  [stdout] (ServerService Thread Pool -- 73)  =========|_|==============|___/=/_/_/_/
2024-11-19 11:51:12 10:51:12,733 INFO  [stdout] (ServerService Thread Pool -- 73)  :: Spring Boot ::               (v2.7.18)
2024-11-19 11:51:12 10:51:12,733 INFO  [stdout] (ServerService Thread Pool -- 73) 
2024-11-19 11:51:12 10:51:12,741 INFO  [org.hibernate.validator.internal.util.Version] (background-preinit) HV000001: Hibernate Validator 5.2.4.Final
2024-11-19 11:51:13 10:51:13,035 INFO  [stdout] (ServerService Thread Pool -- 73) 2024-11-19 10:51:13.027  INFO 185 --- [read Pool -- 73] com.logbook.service.ServletInitializer   : Starting ServletInitializer using Java 1.8.0_171 on 599f2400d697 with PID 185 (started by wildfly in /opt/bitnami/wildfly)
2024-11-19 11:51:13 10:51:13,055 INFO  [stdout] (ServerService Thread Pool -- 73) 2024-11-19 10:51:13.051  INFO 185 --- [read Pool -- 73] com.logbook.service.ServletInitializer   : No active profile set, falling back to 1 default profile: "default"
2024-11-19 11:51:16 10:51:16,343 INFO  [io.undertow.servlet] (ServerService Thread Pool -- 73) Initializing Spring embedded WebApplicationContext
2024-11-19 11:51:16 10:51:16,349 INFO  [stdout] (ServerService Thread Pool -- 73) 2024-11-19 10:51:16.346  INFO 185 --- [read Pool -- 73] w.s.c.ServletWebServerApplicationContext : Root WebApplicationContext: initialization completed in 2970 ms
2024-11-19 11:51:20 10:51:20,401 INFO  [stdout] (ServerService Thread Pool -- 73) 2024-11-19 10:51:20.396  INFO 185 --- [read Pool -- 73] com.logbook.service.ServletInitializer   : Started ServletInitializer in 9.606 seconds (JVM running for 202.57)
2024-11-19 11:51:20 10:51:20,655 INFO  [javax.enterprise.resource.webcontainer.jsf.config] (ServerService Thread Pool -- 73) Initializing Mojarra 2.2.13.SP1 20160303-1204 for context '/service'
2024-11-19 11:51:24 10:51:24,408 INFO  [org.wildfly.extension.undertow] (ServerService Thread Pool -- 73) WFLYUT0021: Registered web context: /service
2024-11-19 11:51:24 10:51:24,622 INFO  [org.jboss.as.server] (External Management Request Threads -- 5) WFLYSRV0010: Deployed "service.war" (runtime-name : "service.war")
2024-11-19 11:51:40 10:51:40,619 INFO  [org.jboss.as.repository] (External Management Request Threads -- 7) WFLYDR0001: Content added at location /opt/bitnami/wildfly/standalone/data/content/31/f17b8938417dc8ad7ec6f040d72d5779098ab6/content
2024-11-19 11:51:40 10:51:40,713 INFO  [org.jboss.as.server.deployment] (MSC service thread 1-6) WFLYSRV0027: Starting deployment of "gateway.war" (runtime-name: "gateway.war")
2024-11-19 11:51:42 10:51:42,445 WARN  [org.jboss.as.server.deployment] (MSC service thread 1-4) WFLYSRV0003: Could not index class module-info.class at /content/gateway.war/WEB-INF/lib/jackson-core-2.11.4.jar: java.lang.IllegalStateException: Unknown tag! pos=3 poolCount = 34
2024-11-19 11:51:42 at org.jboss.jandex.Indexer.processConstantPool(Indexer.java:1416)
2024-11-19 11:51:42 at org.jboss.jandex.Indexer.index(Indexer.java:1450)
2024-11-19 11:51:42 at org.jboss.as.server.deployment.annotation.ResourceRootIndexer.indexResourceRoot(ResourceRootIndexer.java:99)
2024-11-19 11:51:42 at org.jboss.as.server.deployment.annotation.AnnotationIndexProcessor.deploy(AnnotationIndexProcessor.java:51)
2024-11-19 11:51:42 at org.jboss.as.server.deployment.DeploymentUnitPhaseService.start(DeploymentUnitPhaseService.java:147)
2024-11-19 11:51:42 at org.jboss.msc.service.ServiceControllerImpl$StartTask.startService(ServiceControllerImpl.java:1948)
2024-11-19 11:51:42 at org.jboss.msc.service.ServiceControllerImpl$StartTask.run(ServiceControllerImpl.java:1881)
2024-11-19 11:51:42 at java.util.concurrent.ThreadPoolExecutor.runWorker(ThreadPoolExecutor.java:1149)
2024-11-19 11:51:42 at java.util.concurrent.ThreadPoolExecutor$Worker.run(ThreadPoolExecutor.java:624)
2024-11-19 11:51:42 at java.lang.Thread.run(Thread.java:748)
2024-11-19 11:51:42 
2024-11-19 11:51:42 10:51:42,853 WARN  [org.jboss.as.server.deployment] (MSC service thread 1-4) WFLYSRV0003: Could not index class module-info.class at /content/gateway.war/WEB-INF/lib/jackson-databind-2.11.4.jar: java.lang.IllegalStateException: Unknown tag! pos=3 poolCount = 68
2024-11-19 11:51:42 at org.jboss.jandex.Indexer.processConstantPool(Indexer.java:1416)
2024-11-19 11:51:42 at org.jboss.jandex.Indexer.index(Indexer.java:1450)
2024-11-19 11:51:42 at org.jboss.as.server.deployment.annotation.ResourceRootIndexer.indexResourceRoot(ResourceRootIndexer.java:99)
2024-11-19 11:51:42 at org.jboss.as.server.deployment.annotation.AnnotationIndexProcessor.deploy(AnnotationIndexProcessor.java:51)
2024-11-19 11:51:42 at org.jboss.as.server.deployment.DeploymentUnitPhaseService.start(DeploymentUnitPhaseService.java:147)
2024-11-19 11:51:42 at org.jboss.msc.service.ServiceControllerImpl$StartTask.startService(ServiceControllerImpl.java:1948)
2024-11-19 11:51:42 at org.jboss.msc.service.ServiceControllerImpl$StartTask.run(ServiceControllerImpl.java:1881)
2024-11-19 11:51:42 at java.util.concurrent.ThreadPoolExecutor.runWorker(ThreadPoolExecutor.java:1149)
2024-11-19 11:51:42 at java.util.concurrent.ThreadPoolExecutor$Worker.run(ThreadPoolExecutor.java:624)
2024-11-19 11:51:42 at java.lang.Thread.run(Thread.java:748)
2024-11-19 11:51:42 
2024-11-19 11:51:43 10:51:43,358 WARN  [org.jboss.as.server.deployment] (MSC service thread 1-4) WFLYSRV0003: Could not index class META-INF/versions/9/module-info.class at /content/gateway.war/WEB-INF/lib/log4j-api-2.13.3.jar: java.lang.IllegalStateException: Unknown tag! pos=4 poolCount = 33
2024-11-19 11:51:43 at org.jboss.jandex.Indexer.processConstantPool(Indexer.java:1416)
2024-11-19 11:51:43 at org.jboss.jandex.Indexer.index(Indexer.java:1450)
2024-11-19 11:51:43 at org.jboss.as.server.deployment.annotation.ResourceRootIndexer.indexResourceRoot(ResourceRootIndexer.java:99)
2024-11-19 11:51:43 at org.jboss.as.server.deployment.annotation.AnnotationIndexProcessor.deploy(AnnotationIndexProcessor.java:51)
2024-11-19 11:51:43 at org.jboss.as.server.deployment.DeploymentUnitPhaseService.start(DeploymentUnitPhaseService.java:147)
2024-11-19 11:51:43 at org.jboss.msc.service.ServiceControllerImpl$StartTask.startService(ServiceControllerImpl.java:1948)
2024-11-19 11:51:43 at org.jboss.msc.service.ServiceControllerImpl$StartTask.run(ServiceControllerImpl.java:1881)
2024-11-19 11:51:43 at java.util.concurrent.ThreadPoolExecutor.runWorker(ThreadPoolExecutor.java:1149)
2024-11-19 11:51:43 at java.util.concurrent.ThreadPoolExecutor$Worker.run(ThreadPoolExecutor.java:624)
2024-11-19 11:51:43 at java.lang.Thread.run(Thread.java:748)
2024-11-19 11:51:43 
2024-11-19 11:51:44 10:51:44,406 WARN  [org.jboss.as.server.deployment] (MSC service thread 1-4) WFLYSRV0003: Could not index class module-info.class at /content/gateway.war/WEB-INF/lib/jackson-datatype-jsr310-2.11.4.jar: java.lang.IllegalStateException: Unknown tag! pos=3 poolCount = 28
2024-11-19 11:51:44 at org.jboss.jandex.Indexer.processConstantPool(Indexer.java:1416)
2024-11-19 11:51:44 at org.jboss.jandex.Indexer.index(Indexer.java:1450)
2024-11-19 11:51:44 at org.jboss.as.server.deployment.annotation.ResourceRootIndexer.indexResourceRoot(ResourceRootIndexer.java:99)
2024-11-19 11:51:44 at org.jboss.as.server.deployment.annotation.AnnotationIndexProcessor.deploy(AnnotationIndexProcessor.java:51)
2024-11-19 11:51:44 at org.jboss.as.server.deployment.DeploymentUnitPhaseService.start(DeploymentUnitPhaseService.java:147)
2024-11-19 11:51:44 at org.jboss.msc.service.ServiceControllerImpl$StartTask.startService(ServiceControllerImpl.java:1948)
2024-11-19 11:51:44 at org.jboss.msc.service.ServiceControllerImpl$StartTask.run(ServiceControllerImpl.java:1881)
2024-11-19 11:51:44 at java.util.concurrent.ThreadPoolExecutor.runWorker(ThreadPoolExecutor.java:1149)
2024-11-19 11:51:44 at java.util.concurrent.ThreadPoolExecutor$Worker.run(ThreadPoolExecutor.java:624)
2024-11-19 11:51:44 at java.lang.Thread.run(Thread.java:748)
2024-11-19 11:51:44 
2024-11-19 11:51:44 10:51:44,409 WARN  [org.jboss.as.server.deployment] (MSC service thread 1-4) WFLYSRV0003: Could not index class module-info.class at /content/gateway.war/WEB-INF/lib/apiguardian-api-1.1.2.jar: java.lang.IllegalStateException: Unknown tag! pos=4 poolCount = 12
2024-11-19 11:51:44 at org.jboss.jandex.Indexer.processConstantPool(Indexer.java:1416)
2024-11-19 11:51:44 at org.jboss.jandex.Indexer.index(Indexer.java:1450)
2024-11-19 11:51:44 at org.jboss.as.server.deployment.annotation.ResourceRootIndexer.indexResourceRoot(ResourceRootIndexer.java:99)
2024-11-19 11:51:44 at org.jboss.as.server.deployment.annotation.AnnotationIndexProcessor.deploy(AnnotationIndexProcessor.java:51)
2024-11-19 11:51:44 at org.jboss.as.server.deployment.DeploymentUnitPhaseService.start(DeploymentUnitPhaseService.java:147)
2024-11-19 11:51:44 at org.jboss.msc.service.ServiceControllerImpl$StartTask.startService(ServiceControllerImpl.java:1948)
2024-11-19 11:51:44 at org.jboss.msc.service.ServiceControllerImpl$StartTask.run(ServiceControllerImpl.java:1881)
2024-11-19 11:51:44 at java.util.concurrent.ThreadPoolExecutor.runWorker(ThreadPoolExecutor.java:1149)
2024-11-19 11:51:44 at java.util.concurrent.ThreadPoolExecutor$Worker.run(ThreadPoolExecutor.java:624)
2024-11-19 11:51:44 at java.lang.Thread.run(Thread.java:748)
2024-11-19 11:51:44 
2024-11-19 11:51:44 10:51:44,844 WARN  [org.jboss.as.server.deployment] (MSC service thread 1-4) WFLYSRV0003: Could not index class module-info.class at /content/gateway.war/WEB-INF/lib/jackson-module-parameter-names-2.11.4.jar: java.lang.IllegalStateException: Unknown tag! pos=3 poolCount = 20
2024-11-19 11:51:44 at org.jboss.jandex.Indexer.processConstantPool(Indexer.java:1416)
2024-11-19 11:51:44 at org.jboss.jandex.Indexer.index(Indexer.java:1450)
2024-11-19 11:51:44 at org.jboss.as.server.deployment.annotation.ResourceRootIndexer.indexResourceRoot(ResourceRootIndexer.java:99)
2024-11-19 11:51:44 at org.jboss.as.server.deployment.annotation.AnnotationIndexProcessor.deploy(AnnotationIndexProcessor.java:51)
2024-11-19 11:51:44 at org.jboss.as.server.deployment.DeploymentUnitPhaseService.start(DeploymentUnitPhaseService.java:147)
2024-11-19 11:51:44 at org.jboss.msc.service.ServiceControllerImpl$StartTask.startService(ServiceControllerImpl.java:1948)
2024-11-19 11:51:44 at org.jboss.msc.service.ServiceControllerImpl$StartTask.run(ServiceControllerImpl.java:1881)
2024-11-19 11:51:44 at java.util.concurrent.ThreadPoolExecutor.runWorker(ThreadPoolExecutor.java:1149)
2024-11-19 11:51:44 at java.util.concurrent.ThreadPoolExecutor$Worker.run(ThreadPoolExecutor.java:624)
2024-11-19 11:51:44 at java.lang.Thread.run(Thread.java:748)
2024-11-19 11:51:44 
2024-11-19 11:51:45 10:51:45,085 WARN  [org.jboss.as.server.deployment] (MSC service thread 1-4) WFLYSRV0003: Could not index class module-info.class at /content/gateway.war/WEB-INF/lib/jackson-datatype-jdk8-2.11.4.jar: java.lang.IllegalStateException: Unknown tag! pos=3 poolCount = 18
2024-11-19 11:51:45 at org.jboss.jandex.Indexer.processConstantPool(Indexer.java:1416)
2024-11-19 11:51:45 at org.jboss.jandex.Indexer.index(Indexer.java:1450)
2024-11-19 11:51:45 at org.jboss.as.server.deployment.annotation.ResourceRootIndexer.indexResourceRoot(ResourceRootIndexer.java:99)
2024-11-19 11:51:45 at org.jboss.as.server.deployment.annotation.AnnotationIndexProcessor.deploy(AnnotationIndexProcessor.java:51)
2024-11-19 11:51:45 at org.jboss.as.server.deployment.DeploymentUnitPhaseService.start(DeploymentUnitPhaseService.java:147)
2024-11-19 11:51:45 at org.jboss.msc.service.ServiceControllerImpl$StartTask.startService(ServiceControllerImpl.java:1948)
2024-11-19 11:51:45 at org.jboss.msc.service.ServiceControllerImpl$StartTask.run(ServiceControllerImpl.java:1881)
2024-11-19 11:51:45 at java.util.concurrent.ThreadPoolExecutor.runWorker(ThreadPoolExecutor.java:1149)
2024-11-19 11:51:45 at java.util.concurrent.ThreadPoolExecutor$Worker.run(ThreadPoolExecutor.java:624)
2024-11-19 11:51:45 at java.lang.Thread.run(Thread.java:748)
2024-11-19 11:51:45 
2024-11-19 11:51:45 10:51:45,205 WARN  [org.jboss.as.server.deployment] (MSC service thread 1-4) WFLYSRV0003: Could not index class module-info.class at /content/gateway.war/WEB-INF/lib/jackson-annotations-2.11.4.jar: java.lang.IllegalStateException: Unknown tag! pos=3 poolCount = 10
2024-11-19 11:51:45 at org.jboss.jandex.Indexer.processConstantPool(Indexer.java:1416)
2024-11-19 11:51:45 at org.jboss.jandex.Indexer.index(Indexer.java:1450)
2024-11-19 11:51:45 at org.jboss.as.server.deployment.annotation.ResourceRootIndexer.indexResourceRoot(ResourceRootIndexer.java:99)
2024-11-19 11:51:45 at org.jboss.as.server.deployment.annotation.AnnotationIndexProcessor.deploy(AnnotationIndexProcessor.java:51)
2024-11-19 11:51:45 at org.jboss.as.server.deployment.DeploymentUnitPhaseService.start(DeploymentUnitPhaseService.java:147)
2024-11-19 11:51:45 at org.jboss.msc.service.ServiceControllerImpl$StartTask.startService(ServiceControllerImpl.java:1948)
2024-11-19 11:51:45 at org.jboss.msc.service.ServiceControllerImpl$StartTask.run(ServiceControllerImpl.java:1881)
2024-11-19 11:51:45 at java.util.concurrent.ThreadPoolExecutor.runWorker(ThreadPoolExecutor.java:1149)
2024-11-19 11:51:45 at java.util.concurrent.ThreadPoolExecutor$Worker.run(ThreadPoolExecutor.java:624)
2024-11-19 11:51:45 at java.lang.Thread.run(Thread.java:748)
2024-11-19 11:51:45 
2024-11-19 11:51:46 10:51:46,544 WARN  [org.jboss.as.ee] (MSC service thread 1-2) WFLYEE0007: Not installing optional component org.springframework.http.server.reactive.ServletServerHttpResponse$ResponseAsyncListener due to an exception (enable DEBUG log level to see the cause)
2024-11-19 11:51:46 10:51:46,568 WARN  [org.jboss.as.ee] (MSC service thread 1-2) WFLYEE0007: Not installing optional component org.springframework.http.server.ServletServerHttpAsyncRequestControl due to an exception (enable DEBUG log level to see the cause)
2024-11-19 11:51:46 10:51:46,577 WARN  [org.jboss.as.ee] (MSC service thread 1-2) WFLYEE0007: Not installing optional component org.zalando.logbook.servlet.LogbookAsyncListener due to an exception (enable DEBUG log level to see the cause)
2024-11-19 11:51:46 10:51:46,579 WARN  [org.jboss.as.ee] (MSC service thread 1-2) WFLYEE0007: Not installing optional component org.springframework.web.context.request.async.StandardServletAsyncWebRequest due to an exception (enable DEBUG log level to see the cause)
2024-11-19 11:51:46 10:51:46,581 WARN  [org.jboss.as.ee] (MSC service thread 1-2) WFLYEE0007: Not installing optional component org.springframework.http.server.reactive.ServletHttpHandlerAdapter$HttpHandlerAsyncListener due to an exception (enable DEBUG log level to see the cause)
2024-11-19 11:51:46 10:51:46,597 WARN  [org.jboss.as.ee] (MSC service thread 1-2) WFLYEE0007: Not installing optional component org.springframework.http.server.reactive.ServletServerHttpRequest$RequestAsyncListener due to an exception (enable DEBUG log level to see the cause)
2024-11-19 11:51:47 10:51:47,050 INFO  [io.undertow.servlet] (ServerService Thread Pool -- 83) 2 Spring WebApplicationInitializers detected on classpath
2024-11-19 11:51:48 10:51:48,410 INFO  [stdout] (ServerService Thread Pool -- 83) 
2024-11-19 11:51:48 10:51:48,414 INFO  [stdout] (ServerService Thread Pool -- 83)   .   ____          _            __ _ _
2024-11-19 11:51:48 10:51:48,417 INFO  [stdout] (ServerService Thread Pool -- 83)  /\\ / ___'_ __ _ _(_)_ __  __ _ \ \ \ \
2024-11-19 11:51:48 10:51:48,419 INFO  [stdout] (ServerService Thread Pool -- 83) ( ( )\___ | '_ | '_| | '_ \/ _` | \ \ \ \
2024-11-19 11:51:48 10:51:48,421 INFO  [stdout] (ServerService Thread Pool -- 83)  \\/  ___)| |_)| | | | | || (_| |  ) ) ) )
2024-11-19 11:51:48 10:51:48,425 INFO  [stdout] (ServerService Thread Pool -- 83)   '  |____| .__|_| |_|_| |_\__, | / / / /
2024-11-19 11:51:48 10:51:48,427 INFO  [stdout] (ServerService Thread Pool -- 83)  =========|_|==============|___/=/_/_/_/
2024-11-19 11:51:48 10:51:48,436 INFO  [stdout] (ServerService Thread Pool -- 83)  :: Spring Boot ::               (v2.4.13)
2024-11-19 11:51:48 10:51:48,440 INFO  [stdout] (ServerService Thread Pool -- 83) 
2024-11-19 11:51:48 10:51:48,669 INFO  [stdout] (ServerService Thread Pool -- 83) 2024-11-19 10:51:48.662  INFO 185 --- [read Pool -- 83] c.l.a.logbookdemo.ServletInitializer     : Starting ServletInitializer using Java 1.8.0_171 on 599f2400d697 with PID 185 (started by wildfly in /opt/bitnami/wildfly)
2024-11-19 11:51:48 10:51:48,682 INFO  [stdout] (ServerService Thread Pool -- 83) 2024-11-19 10:51:48.682  INFO 185 --- [read Pool -- 83] c.l.a.logbookdemo.ServletInitializer     : No active profile set, falling back to default profiles: default
2024-11-19 11:51:52 10:51:52,563 INFO  [io.undertow.servlet] (ServerService Thread Pool -- 83) Initializing Spring embedded WebApplicationContext
2024-11-19 11:51:52 10:51:52,572 INFO  [stdout] (ServerService Thread Pool -- 83) 2024-11-19 10:51:52.569  INFO 185 --- [read Pool -- 83] w.s.c.ServletWebServerApplicationContext : Root WebApplicationContext: initialization completed in 3592 ms
2024-11-19 11:51:57 10:51:57,752 INFO  [stdout] (ServerService Thread Pool -- 83) 2024-11-19 10:51:57.745  INFO 185 --- [read Pool -- 83] c.l.a.logbookdemo.ServletInitializer     : Started ServletInitializer in 10.403 seconds (JVM running for 239.919)
2024-11-19 11:51:57 10:51:57,804 INFO  [javax.enterprise.resource.webcontainer.jsf.config] (ServerService Thread Pool -- 83) Initializing Mojarra 2.2.13.SP1 20160303-1204 for context '/gateway'
2024-11-19 11:52:00 10:52:00,893 INFO  [org.wildfly.extension.undertow] (ServerService Thread Pool -- 83) WFLYUT0021: Registered web context: /gateway
2024-11-19 11:52:00 10:52:00,985 INFO  [org.jboss.as.server] (External Management Request Threads -- 7) WFLYSRV0010: Deployed "gateway.war" (runtime-name : "gateway.war")
2024-11-19 11:52:13 10:52:13,258 INFO  [stdout] (default task-1) 2024-11-19 10:52:13.238  INFO 185 --- [ default task-1] c.logbook.async.logbookdemo.DemoLogbook  : {"origin":"remote","type":"request","correlation":"d742767227a71985","protocol":"HTTP/1.1","remote":"172.23.0.1","method":"GET","uri":"http://localhost:8080/gateway/api","host":"localhost","path":"/gateway/api","scheme":"http","port":"8080","headers":{"Accept":["*/*"],"Accept-Encoding":["br, deflate, gzip, x-gzip"],"content-length":["0"],"Content-Type":["application/json"],"Cookie":["JSESSIONID=681FBEB58818F31657E3BA6C693072C1.5a7e07a78e2a; JSESSIONID=681FBEB58818F31657E3BA6C693072C1"],"host":["localhost:8080"],"User-Agent":["IntelliJ HTTP Client/IntelliJ IDEA 2024.2.4"]}}
2024-11-19 11:52:13 10:52:13,316 INFO  [io.undertow.servlet] (default task-1) Initializing Spring DispatcherServlet 'dispatcherServlet'
2024-11-19 11:52:13 10:52:13,319 INFO  [stdout] (default task-1) 2024-11-19 10:52:13.318  INFO 185 --- [ default task-1] o.s.web.servlet.DispatcherServlet        : Initializing Servlet 'dispatcherServlet'
2024-11-19 11:52:13 10:52:13,342 INFO  [stdout] (default task-1) 2024-11-19 10:52:13.340  INFO 185 --- [ default task-1] o.s.web.servlet.DispatcherServlet        : Completed initialization in 20 ms
2024-11-19 11:52:13 10:52:13,559 INFO  [stdout] (default task-1) 2024-11-19 10:52:13.547  INFO 185 --- [ default task-1] com.logbook.async.logbookdemo.DemoApi    : redirecting /gateway, to complete uri: http://localhost:8080/service/api
2024-11-19 11:52:16 10:52:16,440 INFO  [stdout] (reactor-http-epoll-2) 2024-11-19 10:52:16.356  INFO 185 --- [or-http-epoll-2] c.logbook.async.logbookdemo.DemoLogbook  : {"origin":"local","type":"request","correlation":"9ca11aafc90e982d","protocol":"HTTP/1.1","remote":"localhost/127.0.0.1:8080","method":"GET","uri":"http://localhost:8080/service/api","host":"localhost","path":"/service/api","scheme":"http","port":"8080","headers":{"Accept":["application/json"],"Content-Type":["application/json"],"host":["localhost:8080"],"user-agent":["ReactorNetty/1.0.13"]}}
2024-11-19 11:52:17 10:52:17,009 INFO  [stdout] (default task-2) 2024-11-19 10:52:16.998  INFO 185 --- [ default task-2] com.logbook.service.DemoLogbook          : {"origin":"remote","type":"request","correlation":"b13e95d2cf9a9941","protocol":"HTTP/1.1","remote":"127.0.0.1","method":"GET","uri":"http://localhost:8080/service/api","host":"localhost","path":"/service/api","scheme":"http","port":"8080","headers":{"Accept":["application/json"],"Content-Type":["application/json"],"host":["localhost:8080"],"user-agent":["ReactorNetty/1.0.13"]}}
2024-11-19 11:52:17 10:52:17,049 INFO  [io.undertow.servlet] (default task-2) Initializing Spring DispatcherServlet 'dispatcherServlet'
2024-11-19 11:52:17 10:52:17,053 INFO  [stdout] (default task-2) 2024-11-19 10:52:17.051  INFO 185 --- [ default task-2] o.s.web.servlet.DispatcherServlet        : Initializing Servlet 'dispatcherServlet'
2024-11-19 11:52:17 10:52:17,182 INFO  [stdout] (default task-2) 2024-11-19 10:52:17.179  INFO 185 --- [ default task-2] o.s.web.servlet.DispatcherServlet        : Completed initialization in 126 ms
2024-11-19 11:52:17 10:52:17,407 INFO  [stdout] (default task-2) 2024-11-19 10:52:17.404  INFO 185 --- [ default task-2] com.logbook.service.DemoApi              : Incoming request!
2024-11-19 11:52:17 10:52:17,576 INFO  [stdout] (default task-2) 2024-11-19 10:52:17.570  INFO 185 --- [ default task-2] com.logbook.service.DemoLogbook          : {"origin":"local","type":"response","correlation":"b13e95d2cf9a9941","duration":1030,"protocol":"HTTP/1.1","status":200,"headers":{"Connection":["keep-alive"],"Content-Length":["16"],"Content-Type":["application/json"],"Date":["Tue, 19 Nov 2024 10:52:17 GMT"],"Server":["WildFly/10"],"X-Powered-By":["Undertow/1"]},"body":"{\"success\":true}"}
2024-11-19 11:52:17 10:52:17,888 INFO  [stdout] (reactor-http-epoll-2) 2024-11-19 10:52:17.882  INFO 185 --- [or-http-epoll-2] c.logbook.async.logbookdemo.DemoLogbook  : {"origin":"remote","type":"response","correlation":"9ca11aafc90e982d","duration":1800,"protocol":"HTTP/1.1","status":200,"headers":{"Connection":["keep-alive"],"content-length":["16"],"Content-Type":["application/json"],"Date":["Tue, 19 Nov 2024 10:52:17 GMT"],"Server":["WildFly/10"],"X-Powered-By":["Undertow/1"]},"body":"{\"success\":true}"}
2024-11-19 11:52:18 10:52:18,167 INFO  [stdout] (default task-3) 2024-11-19 10:52:18.166  INFO 185 --- [ default task-3] c.logbook.async.logbookdemo.DemoLogbook  : {"origin":"local","type":"response","correlation":"d742767227a71985","duration":5646,"protocol":"HTTP/1.1","status":200,"headers":{"Connection":["keep-alive"],"Content-Type":["application/json"],"Date":["Tue, 19 Nov 2024 10:52:18 GMT"],"Server":["WildFly/10"],"Set-Cookie":["JSESSIONID=681FBEB58818F31657E3BA6C693072C1.599f2400d697; path=/gateway"],"Transfer-Encoding":["chunked"],"X-Powered-By":["Undertow/1"]},"body":"{\"headers\":{\"Connection\":[\"keep-alive\"],\"X-Powered-By\":[\"Undertow/1\"],\"Server\":[\"WildFly/10\"],\"Content-Type\":[\"application/json\"],\"Date\":[\"Tue, 19 Nov 2024 10:52:17 GMT\"],\"content-length\":[\"16\"]},\"body\":{\"success\":true},\"statusCode\":\"OK\",\"statusCodeValue\":200}"}
2024-11-19 11:52:18 10:52:18,183 ERROR [io.undertow.request] (default task-3) UT005071: Undertow request failed HttpServerExchange{ GET /gateway/api request {Accept=[*/*], Accept-Encoding=[br, deflate, gzip, x-gzip], Content-Type=[application/json], Cookie=[JSESSIONID=681FBEB58818F31657E3BA6C693072C1.5a7e07a78e2a; JSESSIONID=681FBEB58818F31657E3BA6C693072C1], content-length=[0], User-Agent=[IntelliJ HTTP Client/IntelliJ IDEA 2024.2.4], host=[localhost:8080]} response {Connection=[keep-alive], X-Powered-By=[Undertow/1], Set-Cookie=[JSESSIONID=681FBEB58818F31657E3BA6C693072C1.599f2400d697; path=/gateway], Server=[WildFly/10], Transfer-Encoding=[chunked], Content-Type=[application/json], Date=[Tue, 19 Nov 2024 10:52:18 GMT]}}: java.lang.NullPointerException
2024-11-19 11:52:18 at org.zalando.logbook.servlet.LogbookFilter.write(LogbookFilter.java:85)
2024-11-19 11:52:18 at org.zalando.logbook.servlet.LogbookFilter.lambda$doFilter$0(LogbookFilter.java:71)
2024-11-19 11:52:18 at org.zalando.logbook.servlet.LogbookAsyncListener.onComplete(LogbookAsyncListener.java:17)
2024-11-19 11:52:18 at io.undertow.servlet.spec.AsyncContextImpl$7.run(AsyncContextImpl.java:586)
2024-11-19 11:52:18 at io.undertow.servlet.spec.ServletContextImpl.invokeRunnable(ServletContextImpl.java:901)
2024-11-19 11:52:18 at io.undertow.servlet.spec.AsyncContextImpl.onAsyncComplete(AsyncContextImpl.java:576)
2024-11-19 11:52:18 at io.undertow.servlet.spec.AsyncContextImpl.complete(AsyncContextImpl.java:273)
2024-11-19 11:52:18 at io.undertow.servlet.handlers.ServletInitialHandler.handleFirstRequest(ServletInitialHandler.java:345)
2024-11-19 11:52:18 at io.undertow.servlet.handlers.ServletInitialHandler.access$100(ServletInitialHandler.java:81)
2024-11-19 11:52:18 at io.undertow.servlet.handlers.ServletInitialHandler$2.call(ServletInitialHandler.java:138)
2024-11-19 11:52:18 at io.undertow.servlet.handlers.ServletInitialHandler$2.call(ServletInitialHandler.java:135)
2024-11-19 11:52:18 at io.undertow.servlet.core.ServletRequestContextThreadSetupAction$1.call(ServletRequestContextThreadSetupAction.java:48)
2024-11-19 11:52:18 at io.undertow.servlet.core.ContextClassLoaderSetupAction$1.call(ContextClassLoaderSetupAction.java:43)
2024-11-19 11:52:18 at io.undertow.servlet.api.LegacyThreadSetupActionWrapper$1.call(LegacyThreadSetupActionWrapper.java:44)
2024-11-19 11:52:18 at io.undertow.servlet.api.LegacyThreadSetupActionWrapper$1.call(LegacyThreadSetupActionWrapper.java:44)
2024-11-19 11:52:18 at io.undertow.servlet.api.LegacyThreadSetupActionWrapper$1.call(LegacyThreadSetupActionWrapper.java:44)
2024-11-19 11:52:18 at io.undertow.servlet.api.LegacyThreadSetupActionWrapper$1.call(LegacyThreadSetupActionWrapper.java:44)
2024-11-19 11:52:18 at io.undertow.servlet.api.LegacyThreadSetupActionWrapper$1.call(LegacyThreadSetupActionWrapper.java:44)
2024-11-19 11:52:18 at io.undertow.servlet.handlers.ServletInitialHandler.dispatchRequest(ServletInitialHandler.java:272)
2024-11-19 11:52:18 at io.undertow.servlet.handlers.ServletInitialHandler.dispatchToPath(ServletInitialHandler.java:209)
2024-11-19 11:52:18 at io.undertow.servlet.spec.AsyncContextImpl$2$1.handleRequest(AsyncContextImpl.java:188)
2024-11-19 11:52:18 at io.undertow.server.Connectors.executeRootHandler(Connectors.java:202)
2024-11-19 11:52:18 at io.undertow.servlet.spec.AsyncContextImpl$2.run(AsyncContextImpl.java:185)
2024-11-19 11:52:18 at io.undertow.servlet.spec.AsyncContextImpl$6.run(AsyncContextImpl.java:455)
2024-11-19 11:52:18 at io.undertow.servlet.spec.AsyncContextImpl$TaskDispatchRunnable.run(AsyncContextImpl.java:566)
2024-11-19 11:52:18 at java.util.concurrent.ThreadPoolExecutor.runWorker(ThreadPoolExecutor.java:1149)
2024-11-19 11:52:18 at java.util.concurrent.ThreadPoolExecutor$Worker.run(ThreadPoolExecutor.java:624)
2024-11-19 11:52:18 at java.lang.Thread.run(Thread.java:748)
2024-11-19 11:52:18 
